<?xml version="1.0" encoding="UTF-8"?>
<testsuite xmlns:xsi="http://www.w3.org/2001/XMLSchema-instance" xsi:noNamespaceSchemaLocation="https://maven.apache.org/surefire/maven-surefire-plugin/xsd/surefire-test-report-3.0.xsd" version="3.0" name="TestSuite" time="4.679" tests="5" errors="0" skipped="0" failures="0">
  <properties>
    <property name="java.specification.version" value="19"/>
    <property name="sun.jnu.encoding" value="UTF-8"/>
    <property name="java.class.path" value="/Users/testvagrant/Documents/RestAssuredTestNGFramework-master/target/test-classes:/Users/testvagrant/Documents/RestAssuredTestNGFramework-master/target/classes:/Users/testvagrant/.m2/repository/io/rest-assured/rest-assured/4.3.3/rest-assured-4.3.3.jar:/Users/testvagrant/.m2/repository/org/codehaus/groovy/groovy/3.0.7/groovy-3.0.7.jar:/Users/testvagrant/.m2/repository/org/codehaus/groovy/groovy-xml/3.0.7/groovy-xml-3.0.7.jar:/Users/testvagrant/.m2/repository/org/apache/httpcomponents/httpclient/4.5.3/httpclient-4.5.3.jar:/Users/testvagrant/.m2/repository/org/apache/httpcomponents/httpcore/4.4.6/httpcore-4.4.6.jar:/Users/testvagrant/.m2/repository/commons-logging/commons-logging/1.2/commons-logging-1.2.jar:/Users/testvagrant/.m2/repository/commons-codec/commons-codec/1.9/commons-codec-1.9.jar:/Users/testvagrant/.m2/repository/org/apache/httpcomponents/httpmime/4.5.3/httpmime-4.5.3.jar:/Users/testvagrant/.m2/repository/org/hamcrest/hamcrest/2.1/hamcrest-2.1.jar:/Users/testvagrant/.m2/repository/org/ccil/cowan/tagsoup/tagsoup/1.2.1/tagsoup-1.2.1.jar:/Users/testvagrant/.m2/repository/io/rest-assured/json-path/4.3.3/json-path-4.3.3.jar:/Users/testvagrant/.m2/repository/org/codehaus/groovy/groovy-json/3.0.7/groovy-json-3.0.7.jar:/Users/testvagrant/.m2/repository/io/rest-assured/rest-assured-common/4.3.3/rest-assured-common-4.3.3.jar:/Users/testvagrant/.m2/repository/io/rest-assured/xml-path/4.3.3/xml-path-4.3.3.jar:/Users/testvagrant/.m2/repository/jakarta/xml/bind/jakarta.xml.bind-api/2.3.3/jakarta.xml.bind-api-2.3.3.jar:/Users/testvagrant/.m2/repository/jakarta/activation/jakarta.activation-api/1.2.2/jakarta.activation-api-1.2.2.jar:/Users/testvagrant/.m2/repository/com/sun/xml/bind/jaxb-impl/2.3.3/jaxb-impl-2.3.3.jar:/Users/testvagrant/.m2/repository/org/testng/testng/7.3.0/testng-7.3.0.jar:/Users/testvagrant/.m2/repository/com/beust/jcommander/1.78/jcommander-1.78.jar:/Users/testvagrant/.m2/repository/org/apache/ant/ant/1.10.3/ant-1.10.3.jar:/Users/testvagrant/.m2/repository/org/apache/ant/ant-launcher/1.10.3/ant-launcher-1.10.3.jar:/Users/testvagrant/.m2/repository/junit/junit/4.12/junit-4.12.jar:/Users/testvagrant/.m2/repository/org/hamcrest/hamcrest-core/1.3/hamcrest-core-1.3.jar:/Users/testvagrant/.m2/repository/com/google/inject/guice/4.2.2/guice-4.2.2-no_aop.jar:/Users/testvagrant/.m2/repository/javax/inject/javax.inject/1/javax.inject-1.jar:/Users/testvagrant/.m2/repository/aopalliance/aopalliance/1.0/aopalliance-1.0.jar:/Users/testvagrant/.m2/repository/com/google/guava/guava/25.1-android/guava-25.1-android.jar:/Users/testvagrant/.m2/repository/com/google/code/findbugs/jsr305/3.0.2/jsr305-3.0.2.jar:/Users/testvagrant/.m2/repository/org/checkerframework/checker-compat-qual/2.0.0/checker-compat-qual-2.0.0.jar:/Users/testvagrant/.m2/repository/com/google/errorprone/error_prone_annotations/2.1.3/error_prone_annotations-2.1.3.jar:/Users/testvagrant/.m2/repository/com/google/j2objc/j2objc-annotations/1.1/j2objc-annotations-1.1.jar:/Users/testvagrant/.m2/repository/org/codehaus/mojo/animal-sniffer-annotations/1.14/animal-sniffer-annotations-1.14.jar:/Users/testvagrant/.m2/repository/org/yaml/snakeyaml/1.21/snakeyaml-1.21.jar:/Users/testvagrant/.m2/repository/com/fasterxml/jackson/core/jackson-databind/2.12.1/jackson-databind-2.12.1.jar:/Users/testvagrant/.m2/repository/com/fasterxml/jackson/core/jackson-annotations/2.12.1/jackson-annotations-2.12.1.jar:/Users/testvagrant/.m2/repository/com/fasterxml/jackson/core/jackson-core/2.12.1/jackson-core-2.12.1.jar:/Users/testvagrant/.m2/repository/org/skyscreamer/jsonassert/1.5.0/jsonassert-1.5.0.jar:/Users/testvagrant/.m2/repository/com/vaadin/external/google/android-json/0.0.20131108.vaadin1/android-json-0.0.20131108.vaadin1.jar:/Users/testvagrant/.m2/repository/org/projectlombok/lombok/1.18.22/lombok-1.18.22.jar:/Users/testvagrant/.m2/repository/io/qameta/allure/allure-testng/2.13.8/allure-testng-2.13.8.jar:/Users/testvagrant/.m2/repository/io/qameta/allure/allure-java-commons/2.13.8/allure-java-commons-2.13.8.jar:/Users/testvagrant/.m2/repository/io/qameta/allure/allure-model/2.13.8/allure-model-2.13.8.jar:/Users/testvagrant/.m2/repository/org/slf4j/slf4j-api/1.7.30/slf4j-api-1.7.30.jar:/Users/testvagrant/.m2/repository/org/apache/tika/tika-core/1.24.1/tika-core-1.24.1.jar:/Users/testvagrant/.m2/repository/org/jooq/joor-java-8/0.9.13/joor-java-8-0.9.13.jar:/Users/testvagrant/.m2/repository/io/qameta/allure/allure-rest-assured/2.13.8/allure-rest-assured-2.13.8.jar:/Users/testvagrant/.m2/repository/io/qameta/allure/allure-attachments/2.13.8/allure-attachments-2.13.8.jar:/Users/testvagrant/.m2/repository/org/freemarker/freemarker/2.3.30/freemarker-2.3.30.jar:/Users/testvagrant/.m2/repository/com/github/javafaker/javafaker/1.0.2/javafaker-1.0.2.jar:/Users/testvagrant/.m2/repository/org/apache/commons/commons-lang3/3.5/commons-lang3-3.5.jar:/Users/testvagrant/.m2/repository/org/yaml/snakeyaml/1.23/snakeyaml-1.23-android.jar:/Users/testvagrant/.m2/repository/com/github/mifmif/generex/1.0.2/generex-1.0.2.jar:/Users/testvagrant/.m2/repository/dk/brics/automaton/automaton/1.11-8/automaton-1.11-8.jar:"/>
    <property name="java.vm.vendor" value="Homebrew"/>
    <property name="sun.arch.data.model" value="64"/>
    <property name="java.vendor.url" value="https://github.com/Homebrew/homebrew-core/issues"/>
    <property name="user.timezone" value="Asia/Kolkata"/>
    <property name="os.name" value="Mac OS X"/>
    <property name="java.vm.specification.version" value="19"/>
    <property name="sun.java.launcher" value="SUN_STANDARD"/>
    <property name="user.country" value="GB"/>
    <property name="sun.boot.library.path" value="/usr/local/Cellar/openjdk/19.0.2/libexec/openjdk.jdk/Contents/Home/lib"/>
    <property name="sun.java.command" value="/Users/testvagrant/Documents/RestAssuredTestNGFramework-master/target/surefire/surefirebooter17351645015335316385.jar /Users/testvagrant/Documents/RestAssuredTestNGFramework-master/target/surefire 2023-02-01T15-35-06_788-jvmRun1 surefire16045228139221906137tmp surefire_09469071709011450890tmp"/>
    <property name="http.nonProxyHosts" value="local|*.local|169.254/16|*.169.254/16"/>
    <property name="jdk.debug" value="release"/>
    <property name="surefire.test.class.path" value="/Users/testvagrant/Documents/RestAssuredTestNGFramework-master/target/test-classes:/Users/testvagrant/Documents/RestAssuredTestNGFramework-master/target/classes:/Users/testvagrant/.m2/repository/io/rest-assured/rest-assured/4.3.3/rest-assured-4.3.3.jar:/Users/testvagrant/.m2/repository/org/codehaus/groovy/groovy/3.0.7/groovy-3.0.7.jar:/Users/testvagrant/.m2/repository/org/codehaus/groovy/groovy-xml/3.0.7/groovy-xml-3.0.7.jar:/Users/testvagrant/.m2/repository/org/apache/httpcomponents/httpclient/4.5.3/httpclient-4.5.3.jar:/Users/testvagrant/.m2/repository/org/apache/httpcomponents/httpcore/4.4.6/httpcore-4.4.6.jar:/Users/testvagrant/.m2/repository/commons-logging/commons-logging/1.2/commons-logging-1.2.jar:/Users/testvagrant/.m2/repository/commons-codec/commons-codec/1.9/commons-codec-1.9.jar:/Users/testvagrant/.m2/repository/org/apache/httpcomponents/httpmime/4.5.3/httpmime-4.5.3.jar:/Users/testvagrant/.m2/repository/org/hamcrest/hamcrest/2.1/hamcrest-2.1.jar:/Users/testvagrant/.m2/repository/org/ccil/cowan/tagsoup/tagsoup/1.2.1/tagsoup-1.2.1.jar:/Users/testvagrant/.m2/repository/io/rest-assured/json-path/4.3.3/json-path-4.3.3.jar:/Users/testvagrant/.m2/repository/org/codehaus/groovy/groovy-json/3.0.7/groovy-json-3.0.7.jar:/Users/testvagrant/.m2/repository/io/rest-assured/rest-assured-common/4.3.3/rest-assured-common-4.3.3.jar:/Users/testvagrant/.m2/repository/io/rest-assured/xml-path/4.3.3/xml-path-4.3.3.jar:/Users/testvagrant/.m2/repository/jakarta/xml/bind/jakarta.xml.bind-api/2.3.3/jakarta.xml.bind-api-2.3.3.jar:/Users/testvagrant/.m2/repository/jakarta/activation/jakarta.activation-api/1.2.2/jakarta.activation-api-1.2.2.jar:/Users/testvagrant/.m2/repository/com/sun/xml/bind/jaxb-impl/2.3.3/jaxb-impl-2.3.3.jar:/Users/testvagrant/.m2/repository/org/testng/testng/7.3.0/testng-7.3.0.jar:/Users/testvagrant/.m2/repository/com/beust/jcommander/1.78/jcommander-1.78.jar:/Users/testvagrant/.m2/repository/org/apache/ant/ant/1.10.3/ant-1.10.3.jar:/Users/testvagrant/.m2/repository/org/apache/ant/ant-launcher/1.10.3/ant-launcher-1.10.3.jar:/Users/testvagrant/.m2/repository/junit/junit/4.12/junit-4.12.jar:/Users/testvagrant/.m2/repository/org/hamcrest/hamcrest-core/1.3/hamcrest-core-1.3.jar:/Users/testvagrant/.m2/repository/com/google/inject/guice/4.2.2/guice-4.2.2-no_aop.jar:/Users/testvagrant/.m2/repository/javax/inject/javax.inject/1/javax.inject-1.jar:/Users/testvagrant/.m2/repository/aopalliance/aopalliance/1.0/aopalliance-1.0.jar:/Users/testvagrant/.m2/repository/com/google/guava/guava/25.1-android/guava-25.1-android.jar:/Users/testvagrant/.m2/repository/com/google/code/findbugs/jsr305/3.0.2/jsr305-3.0.2.jar:/Users/testvagrant/.m2/repository/org/checkerframework/checker-compat-qual/2.0.0/checker-compat-qual-2.0.0.jar:/Users/testvagrant/.m2/repository/com/google/errorprone/error_prone_annotations/2.1.3/error_prone_annotations-2.1.3.jar:/Users/testvagrant/.m2/repository/com/google/j2objc/j2objc-annotations/1.1/j2objc-annotations-1.1.jar:/Users/testvagrant/.m2/repository/org/codehaus/mojo/animal-sniffer-annotations/1.14/animal-sniffer-annotations-1.14.jar:/Users/testvagrant/.m2/repository/org/yaml/snakeyaml/1.21/snakeyaml-1.21.jar:/Users/testvagrant/.m2/repository/com/fasterxml/jackson/core/jackson-databind/2.12.1/jackson-databind-2.12.1.jar:/Users/testvagrant/.m2/repository/com/fasterxml/jackson/core/jackson-annotations/2.12.1/jackson-annotations-2.12.1.jar:/Users/testvagrant/.m2/repository/com/fasterxml/jackson/core/jackson-core/2.12.1/jackson-core-2.12.1.jar:/Users/testvagrant/.m2/repository/org/skyscreamer/jsonassert/1.5.0/jsonassert-1.5.0.jar:/Users/testvagrant/.m2/repository/com/vaadin/external/google/android-json/0.0.20131108.vaadin1/android-json-0.0.20131108.vaadin1.jar:/Users/testvagrant/.m2/repository/org/projectlombok/lombok/1.18.22/lombok-1.18.22.jar:/Users/testvagrant/.m2/repository/io/qameta/allure/allure-testng/2.13.8/allure-testng-2.13.8.jar:/Users/testvagrant/.m2/repository/io/qameta/allure/allure-java-commons/2.13.8/allure-java-commons-2.13.8.jar:/Users/testvagrant/.m2/repository/io/qameta/allure/allure-model/2.13.8/allure-model-2.13.8.jar:/Users/testvagrant/.m2/repository/org/slf4j/slf4j-api/1.7.30/slf4j-api-1.7.30.jar:/Users/testvagrant/.m2/repository/org/apache/tika/tika-core/1.24.1/tika-core-1.24.1.jar:/Users/testvagrant/.m2/repository/org/jooq/joor-java-8/0.9.13/joor-java-8-0.9.13.jar:/Users/testvagrant/.m2/repository/io/qameta/allure/allure-rest-assured/2.13.8/allure-rest-assured-2.13.8.jar:/Users/testvagrant/.m2/repository/io/qameta/allure/allure-attachments/2.13.8/allure-attachments-2.13.8.jar:/Users/testvagrant/.m2/repository/org/freemarker/freemarker/2.3.30/freemarker-2.3.30.jar:/Users/testvagrant/.m2/repository/com/github/javafaker/javafaker/1.0.2/javafaker-1.0.2.jar:/Users/testvagrant/.m2/repository/org/apache/commons/commons-lang3/3.5/commons-lang3-3.5.jar:/Users/testvagrant/.m2/repository/org/yaml/snakeyaml/1.23/snakeyaml-1.23-android.jar:/Users/testvagrant/.m2/repository/com/github/mifmif/generex/1.0.2/generex-1.0.2.jar:/Users/testvagrant/.m2/repository/dk/brics/automaton/automaton/1.11-8/automaton-1.11-8.jar:"/>
    <property name="sun.cpu.endian" value="little"/>
    <property name="user.home" value="/Users/testvagrant"/>
    <property name="user.language" value="en"/>
    <property name="java.specification.vendor" value="Oracle Corporation"/>
    <property name="java.version.date" value="2023-01-17"/>
    <property name="java.home" value="/usr/local/Cellar/openjdk/19.0.2/libexec/openjdk.jdk/Contents/Home"/>
    <property name="file.separator" value="/"/>
    <property name="basedir" value="/Users/testvagrant/Documents/RestAssuredTestNGFramework-master"/>
    <property name="java.vm.compressedOopsMode" value="Zero based"/>
    <property name="line.separator" value="&#10;"/>
    <property name="java.vm.specification.vendor" value="Oracle Corporation"/>
    <property name="java.specification.name" value="Java Platform API Specification"/>
    <property name="apple.awt.application.name" value="ForkedBooter"/>
    <property name="surefire.real.class.path" value="/Users/testvagrant/Documents/RestAssuredTestNGFramework-master/target/surefire/surefirebooter17351645015335316385.jar"/>
    <property name="BASE_URI" value="https://api.spotify.com"/>
    <property name="sun.management.compiler" value="HotSpot 64-Bit Tiered Compilers"/>
    <property name="ftp.nonProxyHosts" value="local|*.local|169.254/16|*.169.254/16"/>
    <property name="java.runtime.version" value="19.0.2"/>
    <property name="user.name" value="testvagrant"/>
    <property name="stdout.encoding" value="UTF-8"/>
    <property name="path.separator" value=":"/>
    <property name="os.version" value="12.6.1"/>
    <property name="java.runtime.name" value="OpenJDK Runtime Environment"/>
    <property name="file.encoding" value="UTF-8"/>
    <property name="java.vm.name" value="OpenJDK 64-Bit Server VM"/>
    <property name="java.vendor.version" value="Homebrew"/>
    <property name="localRepository" value="/Users/testvagrant/.m2/repository"/>
    <property name="java.vendor.url.bug" value="https://github.com/Homebrew/homebrew-core/issues"/>
    <property name="CLIENT_SECRET" value="9cbc65f1b0064f1496ab5bc88c92deca"/>
    <property name="java.io.tmpdir" value="/var/folders/4q/bckgr8bd01nf6xm_tq0zkqp80000gn/T/"/>
    <property name="java.version" value="19.0.2"/>
    <property name="user.dir" value="/Users/testvagrant/Documents/RestAssuredTestNGFramework-master"/>
    <property name="os.arch" value="x86_64"/>
    <property name="ACCOUNT_BASE_URI" value="https://accounts.spotify.com"/>
    <property name="java.vm.specification.name" value="Java Virtual Machine Specification"/>
    <property name="native.encoding" value="UTF-8"/>
    <property name="java.library.path" value="/Users/testvagrant/Library/Java/Extensions:/Library/Java/Extensions:/Network/Library/Java/Extensions:/System/Library/Java/Extensions:/usr/lib/java:."/>
    <property name="java.vm.info" value="mixed mode, sharing"/>
    <property name="stderr.encoding" value="UTF-8"/>
    <property name="java.vendor" value="Homebrew"/>
    <property name="java.vm.version" value="19.0.2"/>
    <property name="sun.io.unicode.encoding" value="UnicodeBig"/>
    <property name="socksNonProxyHosts" value="local|*.local|169.254/16|*.169.254/16"/>
    <property name="java.class.version" value="63.0"/>
  </properties>
  <testcase name="ShouldNotBeAbleToCreateAPlaylistWithExpiredToken" classname="com.spotify.oauth2.tests.PlaylistTests" time="2.618">
    <system-out><![CDATA[STARTING TEST: ShouldNotBeAbleToCreateAPlaylistWithExpiredToken
THREAD ID: 34
STARTING TEST: ShouldBeAbleToGetAPlaylist
THREAD ID: 32
STARTING TEST: ShouldBeAbleToUpdateAPlaylist
THREAD ID: 33
STARTING TEST: ShouldNotBeAbleToCreateAPlaylistWithoutName
STARTING TEST: ShouldBeAbleToCreateAPlaylist
THREAD ID: 35
THREAD ID: 31
Renewing token ...
Request method:	POST
Request URI:	https://accounts.spotify.com/api/token
Proxy:			<none>
Request params:	<none>
Query params:	<none>
Form params:	refresh_token=AQB0lJ6WTVhE3O2yyl9py2_gDA4-Hx0JeNn0gaNUZNG85i36ggNoPO2A1X659Ouh5Zon8ZTae7vwbV-ibtu88exu_JahJ7Vq5FJp124f9K_aVJHqMsUBDA7gD6jta1xsNPI
				grant_type=refresh_token
				client_secret=9cbc65f1b0064f1496ab5bc88c92deca
				client_id=568fdd50509d447ba36129cc6a4f7d40
Path params:	<none>
Headers:		Accept=*/*
				Content-Type=application/x-www-form-urlencoded; charset=ISO-8859-1
Cookies:		<none>
Multiparts:		<none>
Body:			<none>
Request method:	POST
Request URI:	https://api.spotify.com/v1/users/31phiqdgvqwnrqvusedjzds7imn4/playlists
Proxy:			<none>
Request params:	<none>
Query params:	<none>
Form params:	<none>
Path params:	<none>
Headers:		Accept=*/*
				Content-Type=application/json; charset=UTF-8
Cookies:		<none>
Multiparts:		<none>
Body:
{
    "description": "Description I#q_xC&&&_#_8o#gd##  J+_#_+#++##5#___@Mq_F&3w#+# f",
    "name": "Playlist k_,,T ,,5_",
    "public": false
}
HTTP/1.1 401 Unauthorized
www-authenticate: Bearer realm="spotify", error="invalid_token", error_description="Invalid access token"
access-control-allow-origin: *
access-control-allow-headers: Accept, App-Platform, Authorization, Content-Type, Origin, Retry-After, Spotify-App-Version, X-Cloud-Trace-Context, client-token, content-access-token
access-control-allow-methods: GET, POST, OPTIONS, PUT, DELETE, PATCH
access-control-allow-credentials: true
access-control-max-age: 604800
content-type: application/json
content-encoding: gzip
strict-transport-security: max-age=31536000
x-content-type-options: nosniff
date: Wed, 01 Feb 2023 10:05:11 GMT
server: envoy
Via: HTTP/2 edgeproxy, 1.1 google
Alt-Svc: h3=":443"; ma=2592000,h3-29=":443"; ma=2592000
Transfer-Encoding: chunked

{
    "error": {
        "status": 401,
        "message": "Invalid access token"
    }
}
HTTP/1.1 200 OK
date: Wed, 01 Feb 2023 10:05:11 GMT
content-type: application/json
vary: Accept-Encoding
set-cookie: __Host-device_id=AQD2CCrx4HX7OkkfeWikyl_reu0c-bjtNX1WS1SgGaxy4bL5ad5TSjScQj3M0HY54_zS2hILKA2HfEanQI8cVhMXtBY8W7jp3_4;Version=1;Path=/;Max-Age=2147483647;Secure;HttpOnly;SameSite=Lax
set-cookie: sp_tr=false;Version=1;Domain=accounts.spotify.com;Path=/;Secure;SameSite=Lax
sp-trace-id: 035f0fbc14dec209
content-encoding: gzip
x-envoy-upstream-service-time: 34
server: envoy
strict-transport-security: max-age=31536000
x-content-type-options: nosniff
Via: HTTP/2 edgeproxy, 1.1 google
Alt-Svc: h3=":443"; ma=2592000,h3-29=":443"; ma=2592000
Transfer-Encoding: chunked

{
    "access_token": "BQDG2tgRvnaXyOO4MUAQz-ciAozD9DzhlJNynyBsdSjQpxSo_x9a7NsiAkwzFzJznplpqKbMz7wMbrWsGBFmZDS6FEk66-9CeTFHtUvQ9JaSYCfj66VW2rI7QWNNMWIystA98OJWbpy6gQBDaR6DA2gDzzE5hzZQGqtKGp4HShqC3_7ITo1WKwaKmhm20mrKrU8rLVoF8X2yQjzMYTnnO_sGddDHTq50pwiG-gz26WctL3c7yc0Kwvh_cniHP3oGTdUTJ5Wr0piUl2kG1A",
    "token_type": "Bearer",
    "expires_in": 3600,
    "scope": "playlist-read-private playlist-read-collaborative playlist-modify-private playlist-modify-public"
}
]]></system-out>
    <system-err><![CDATA[SLF4J: Failed to load class "org.slf4j.impl.StaticLoggerBinder".
SLF4J: Defaulting to no-operation (NOP) logger implementation
SLF4J: See http://www.slf4j.org/codes.html#StaticLoggerBinder for further details.
]]></system-err>
  </testcase>
  <testcase name="ShouldNotBeAbleToCreateAPlaylistWithoutName" classname="com.spotify.oauth2.tests.PlaylistTests" time="3.383">
    <system-out><![CDATA[Token is good to use
Token is good to use
Token is good to use
Request method:	GET
Request URI:	https://api.spotify.com/v1/playlists/09yp9j8uuISCNJQUaV4goO
Proxy:			<none>
Request params:	<none>
Query params:	<none>
Form params:	<none>
Path params:	<none>
Headers:		Accept=*/*
				Content-Type=application/json; charset=UTF-8
Cookies:		<none>
Multiparts:		<none>
Body:			<none>
Request method:	PUT
Request URI:	https://api.spotify.com/v1/playlists/6iTkdVa74dSJYmnV6LLuhd
Proxy:			<none>
Request params:	<none>
Query params:	<none>
Form params:	<none>
Path params:	<none>
Headers:		Accept=*/*
				Content-Type=application/json; charset=UTF-8
Cookies:		<none>
Multiparts:		<none>
Body:
{
    "description": "Description +X - 7 +## &+8+& 8Or_&J_+T g&_  p5#+_2b_&+PA+_wB__",
    "name": "Playlist  -_m6,_-o5",
    "public": false
}
Request method:	POST
Request URI:	https://api.spotify.com/v1/users/31phiqdgvqwnrqvusedjzds7imn4/playlists
Proxy:			<none>
Request params:	<none>
Query params:	<none>
Form params:	<none>
Path params:	<none>
Headers:		Accept=*/*
				Content-Type=application/json; charset=UTF-8
Cookies:		<none>
Multiparts:		<none>
Body:
{
    "description": "Description +X&N4# _#2f_R@ __ 2&g _&_#+5##g_5-+&+o& ##&r8&fk+u",
    "name": "Playlist q_4, , r, ",
    "public": false
}
Request method:	POST
Request URI:	https://api.spotify.com/v1/users/31phiqdgvqwnrqvusedjzds7imn4/playlists
Proxy:			<none>
Request params:	<none>
Query params:	<none>
Form params:	<none>
Path params:	<none>
Headers:		Accept=*/*
				Content-Type=application/json; charset=UTF-8
Cookies:		<none>
Multiparts:		<none>
Body:
{
    "description": "Description &#0 Z+XJ  +e&#/v&Wh KamU8 u+B6B#+&   +&& &# #_&&1#",
    "name": "",
    "public": false
}
HTTP/1.1 400 Bad Request
content-type: application/json; charset=utf-8
cache-control: private, max-age=0
x-robots-tag: noindex, nofollow
access-control-allow-origin: *
access-control-allow-headers: Accept, App-Platform, Authorization, Content-Type, Origin, Retry-After, Spotify-App-Version, X-Cloud-Trace-Context, client-token, content-access-token
access-control-allow-methods: GET, POST, OPTIONS, PUT, DELETE, PATCH
access-control-allow-credentials: true
access-control-max-age: 604800
content-encoding: gzip
strict-transport-security: max-age=31536000
x-content-type-options: nosniff
date: Wed, 01 Feb 2023 10:05:12 GMT
server: envoy
Via: HTTP/2 edgeproxy, 1.1 google
Alt-Svc: h3=":443"; ma=2592000,h3-29=":443"; ma=2592000
Transfer-Encoding: chunked

{
    "error": {
        "status": 400,
        "message": "Missing required field: name"
    }
}
]]></system-out>
  </testcase>
  <testcase name="ShouldBeAbleToGetAPlaylist" classname="com.spotify.oauth2.tests.PlaylistTests" time="3.457">
    <system-out><![CDATA[HTTP/1.1 200 OK
content-type: application/json; charset=utf-8
cache-control: public, max-age=0
etag: "MC-ImVlMTVjZTUwZmFhNTViYTIzZTk2ZjM0OGRlNzdkYzhmIg=="
x-robots-tag: noindex, nofollow
access-control-allow-origin: *
access-control-allow-headers: Accept, App-Platform, Authorization, Content-Type, Origin, Retry-After, Spotify-App-Version, X-Cloud-Trace-Context, client-token, content-access-token
access-control-allow-methods: GET, POST, OPTIONS, PUT, DELETE, PATCH
access-control-allow-credentials: true
access-control-max-age: 604800
content-encoding: gzip
strict-transport-security: max-age=31536000
x-content-type-options: nosniff
date: Wed, 01 Feb 2023 10:05:12 GMT
server: envoy
Via: HTTP/2 edgeproxy, 1.1 google
Alt-Svc: h3=":443"; ma=2592000,h3-29=":443"; ma=2592000
Transfer-Encoding: chunked

{
    "collaborative": false,
    "description": "Updated playlist description",
    "external_urls": {
        "spotify": "https://open.spotify.com/playlist/09yp9j8uuISCNJQUaV4goO"
    },
    "followers": {
        "href": null,
        "total": 0
    },
    "href": "https://api.spotify.com/v1/playlists/09yp9j8uuISCNJQUaV4goO",
    "id": "09yp9j8uuISCNJQUaV4goO",
    "images": [
        
    ],
    "name": "Updated Playlist Name",
    "owner": {
        "display_name": "Binit",
        "external_urls": {
            "spotify": "https://open.spotify.com/user/31phiqdgvqwnrqvusedjzds7imn4"
        },
        "href": "https://api.spotify.com/v1/users/31phiqdgvqwnrqvusedjzds7imn4",
        "id": "31phiqdgvqwnrqvusedjzds7imn4",
        "type": "user",
        "uri": "spotify:user:31phiqdgvqwnrqvusedjzds7imn4"
    },
    "primary_color": null,
    "public": false,
    "snapshot_id": "OCxiZDE3NGRhMzAwNjZmMTM2NDZmNjE5MWEyYWMzMzFiMWM2OTFiMzJh",
    "tracks": {
        "href": "https://api.spotify.com/v1/playlists/09yp9j8uuISCNJQUaV4goO/tracks?offset=0&limit=100",
        "items": [
            
        ],
        "limit": 100,
        "next": null,
        "offset": 0,
        "previous": null,
        "total": 0
    },
    "type": "playlist",
    "uri": "spotify:playlist:09yp9j8uuISCNJQUaV4goO"
}
]]></system-out>
  </testcase>
  <testcase name="ShouldBeAbleToUpdateAPlaylist" classname="com.spotify.oauth2.tests.PlaylistTests" time="3.505">
    <system-out><![CDATA[HTTP/1.1 200 OK
cache-control: private, max-age=0
x-robots-tag: noindex, nofollow
access-control-allow-origin: *
access-control-allow-headers: Accept, App-Platform, Authorization, Content-Type, Origin, Retry-After, Spotify-App-Version, X-Cloud-Trace-Context, client-token, content-access-token
access-control-allow-methods: GET, POST, OPTIONS, PUT, DELETE, PATCH
access-control-allow-credentials: true
access-control-max-age: 604800
Content-Length: 0
strict-transport-security: max-age=31536000
x-content-type-options: nosniff
date: Wed, 01 Feb 2023 10:05:12 GMT
server: envoy
Via: HTTP/2 edgeproxy, 1.1 google
Alt-Svc: h3=":443"; ma=2592000,h3-29=":443"; ma=2592000
]]></system-out>
  </testcase>
  <testcase name="ShouldBeAbleToCreateAPlaylist" classname="com.spotify.oauth2.tests.PlaylistTests" time="3.533">
    <system-out><![CDATA[HTTP/1.1 201 Created
content-type: application/json; charset=utf-8
cache-control: private, max-age=0
location: https://api.spotify.com/v1/playlists/2QAskHi9WQOE5b2pL53cAf
x-robots-tag: noindex, nofollow
access-control-allow-origin: *
access-control-allow-headers: Accept, App-Platform, Authorization, Content-Type, Origin, Retry-After, Spotify-App-Version, X-Cloud-Trace-Context, client-token, content-access-token
access-control-allow-methods: GET, POST, OPTIONS, PUT, DELETE, PATCH
access-control-allow-credentials: true
access-control-max-age: 604800
content-encoding: gzip
strict-transport-security: max-age=31536000
x-content-type-options: nosniff
date: Wed, 01 Feb 2023 10:05:12 GMT
server: envoy
Via: HTTP/2 edgeproxy, 1.1 google
Alt-Svc: h3=":443"; ma=2592000,h3-29=":443"; ma=2592000
Transfer-Encoding: chunked

{
    "collaborative": false,
    "description": "Description +X&N4# _#2f_R@ __ 2&g _&_#+5##g_5-+&+o& ##&r8&fk+u",
    "external_urls": {
        "spotify": "https://open.spotify.com/playlist/2QAskHi9WQOE5b2pL53cAf"
    },
    "followers": {
        "href": null,
        "total": 0
    },
    "href": "https://api.spotify.com/v1/playlists/2QAskHi9WQOE5b2pL53cAf",
    "id": "2QAskHi9WQOE5b2pL53cAf",
    "images": [
        
    ],
    "name": "Playlist q_4, , r, ",
    "owner": {
        "display_name": "Binit",
        "external_urls": {
            "spotify": "https://open.spotify.com/user/31phiqdgvqwnrqvusedjzds7imn4"
        },
        "href": "https://api.spotify.com/v1/users/31phiqdgvqwnrqvusedjzds7imn4",
        "id": "31phiqdgvqwnrqvusedjzds7imn4",
        "type": "user",
        "uri": "spotify:user:31phiqdgvqwnrqvusedjzds7imn4"
    },
    "primary_color": null,
    "public": false,
    "snapshot_id": "MSwwYzMzMGM2MTI4NWExMzljNmNkZGYxMGE2YzY0NGFlMTg3N2ZhMmFj",
    "tracks": {
        "href": "https://api.spotify.com/v1/playlists/2QAskHi9WQOE5b2pL53cAf/tracks",
        "items": [
            
        ],
        "limit": 100,
        "next": null,
        "offset": 0,
        "previous": null,
        "total": 0
    },
    "type": "playlist",
    "uri": "spotify:playlist:2QAskHi9WQOE5b2pL53cAf"
}
]]></system-out>
  </testcase>
</testsuite>